<?xml version="1.0" encoding="UTF-8"?>
<!-- Generated by org.testng.reporters.JUnitReportReporter -->
<testsuite hostname="DESKTOP-K60NGG1" failures="0" tests="1" name="com.tests.End2EndJourneyTest" time="21.082" errors="0" timestamp="2023-06-28T16:11:49 IST" skipped="0">
  <testcase classname="com.tests.End2EndJourneyTest" name="buyProductTest" time="21.082"/>
  <system-out/>
</testsuite> <!-- com.tests.End2EndJourneyTest -->
