<?xml version="1.0" encoding="UTF-8"?>
<!-- Generated by org.testng.reporters.JUnitReportReporter -->
<testsuite hostname="DESKTOP-1GGKMTQ" failures="0" tests="2" name="com.tests.ForgotPassTest" time="30.458" errors="0" timestamp="2023-01-12T19:35:31 IST" skipped="1">
  <testcase classname="com.tests.ForgotPassTest" name="verifyForgotPassword" time="30.458"/>
  <system-out/>
  <testcase classname="com.tests.ForgotPassTest" name="verifyClosingForgotPwdWindow">
    <skipped/>
  </testcase> <!-- verifyClosingForgotPwdWindow -->
  <system-out/>
</testsuite> <!-- com.tests.ForgotPassTest -->
