<?xml version="1.0" encoding="UTF-8"?>
<!-- Generated by org.testng.reporters.JUnitReportReporter -->
<testsuite hostname="DESKTOP-1GGKMTQ" failures="0" tests="1" name="com.tests.LanguageTest" time="42.166" errors="0" timestamp="2023-01-15T12:15:49 IST" skipped="0">
  <testcase classname="com.tests.LanguageTest" name="verifyLanguage" time="42.166"/>
  <system-out/>
</testsuite> <!-- com.tests.LanguageTest -->
