<?xml version="1.0" encoding="UTF-8"?>
<!-- Generated by org.testng.reporters.JUnitReportReporter -->
<testsuite hostname="DESKTOP-K60NGG1" failures="0" tests="1" name="com.tests.CloneRegister" time="118.300" errors="0" timestamp="2023-05-14T11:59:54 IST" skipped="0">
  <testcase classname="com.tests.CloneRegister" name="cloneReg" time="118.300"/>
  <system-out/>
</testsuite> <!-- com.tests.CloneRegister -->
