<?xml version="1.0" encoding="UTF-8"?>
<!-- Generated by org.testng.reporters.JUnitReportReporter -->
<testsuite hostname="BC-LAP-M598" failures="0" tests="3" name="com.tests.LoginTest2" time="10.899" errors="0" timestamp="2023-10-11T11:30:37 IST" skipped="2">
  <testcase classname="com.tests.LoginTest2" name="loginUtility" time="10.899"/>
  <testcase classname="com.tests.LoginTest2" name="invalidUserLoginTest">
    <skipped/>
  </testcase> <!-- invalidUserLoginTest -->
  <testcase classname="com.tests.LoginTest2" name="validUserLoginTest">
    <skipped/>
  </testcase> <!-- validUserLoginTest -->
</testsuite> <!-- com.tests.LoginTest2 -->
