<?xml version="1.0" encoding="UTF-8"?>
<!-- Generated by org.testng.reporters.JUnitReportReporter -->
<testsuite hostname="DESKTOP-1GGKMTQ" failures="0" tests="5" name="com.tests.FreeChartTest" time="46.561" errors="0" timestamp="2023-01-17T01:13:20 IST" skipped="4">
  <testcase classname="com.tests.FreeChartTest" name="freeChartCreationByEnteringText" time="46.561"/>
  <system-out/>
  <testcase classname="com.tests.FreeChartTest" name="freeChartReset">
    <skipped/>
  </testcase> <!-- freeChartReset -->
  <system-out/>
  <testcase classname="com.tests.FreeChartTest" name="freeChartCreationVerificationBySelectingVal">
    <skipped/>
  </testcase> <!-- freeChartCreationVerificationBySelectingVal -->
  <system-out/>
  <testcase classname="com.tests.FreeChartTest" name="freeChartSavePDF">
    <skipped/>
  </testcase> <!-- freeChartSavePDF -->
  <system-out/>
  <testcase classname="com.tests.FreeChartTest" name="freeChartCloseWindow">
    <skipped/>
  </testcase> <!-- freeChartCloseWindow -->
  <system-out/>
</testsuite> <!-- com.tests.FreeChartTest -->
