<?xml version="1.0" encoding="UTF-8"?>
<!-- Generated by org.testng.reporters.JUnitReportReporter -->
<testsuite hostname="DESKTOP-K60NGG1" failures="0" tests="1" name="com.tests.RegisterTest" time="22.153" errors="0" timestamp="2023-06-28T16:01:20 IST" skipped="0">
  <testcase classname="com.tests.RegisterTest" name="registerUserTest" time="22.153"/>
  <system-out/>
</testsuite> <!-- com.tests.RegisterTest -->
