<?xml version="1.0" encoding="UTF-8"?>
<!-- Generated by org.testng.reporters.JUnitReportReporter -->
<testsuite hostname="DESKTOP-1GGKMTQ" failures="0" tests="1" name="com.tests.PlansFeatureTest" time="44.482" errors="0" timestamp="2023-01-16T23:39:32 IST" skipped="0">
  <testcase classname="com.tests.PlansFeatureTest" name="verifyLanguage" time="44.482"/>
  <system-out/>
</testsuite> <!-- com.tests.PlansFeatureTest -->
