<?xml version="1.0" encoding="UTF-8"?>
<!-- Generated by org.testng.reporters.JUnitReportReporter -->
<testsuite hostname="DESKTOP-1GGKMTQ" failures="0" tests="1" name="com.tests.CreateChartTest" time="81.238" errors="0" timestamp="2023-02-04T12:47:23 IST" skipped="0">
  <testcase classname="com.tests.CreateChartTest" name="creatingChart" time="81.238"/>
  <system-out/>
</testsuite> <!-- com.tests.CreateChartTest -->
