<?xml version="1.0" encoding="UTF-8"?>
<!-- Generated by org.testng.reporters.JUnitReportReporter -->
<testsuite hostname="BC-LAP-M598" failures="0" tests="2" name="com.tests.CoursesTest" time="7.965" errors="0" timestamp="2023-10-11T12:51:49 IST" skipped="1">
  <testcase classname="com.tests.CoursesTest" name="mandatoryfieldsTest" time="7.965"/>
  <testcase classname="com.tests.CoursesTest" name="saveCoursesTest">
    <skipped/>
  </testcase> <!-- saveCoursesTest -->
</testsuite> <!-- com.tests.CoursesTest -->
