<?xml version="1.0" encoding="UTF-8"?>
<!-- Generated by org.testng.reporters.JUnitReportReporter -->
<testsuite hostname="BC-LAP-M598" failures="0" tests="1" name="com.tests.Chat" time="37.973" errors="0" timestamp="2023-09-26T17:47:02 IST" skipped="0">
  <testcase classname="com.tests.Chat" name="clearChatTest" time="37.973"/>
</testsuite> <!-- com.tests.Chat -->
