<?xml version="1.0" encoding="UTF-8"?>
<!-- Generated by org.testng.reporters.JUnitReportReporter -->
<testsuite hostname="BC-LAP-M598" failures="0" tests="1" name="com.tests.SubmissionTest" time="503.503" errors="0" timestamp="2023-10-30T15:38:12 IST" skipped="0">
  <testcase classname="com.tests.SubmissionTest" name="addSubmissionFile" time="503.503"/>
</testsuite> <!-- com.tests.SubmissionTest -->
